<!DOCTYPE html PUBLIC "-//W3C//DTD XHTML 1.1//EN" "http://www.w3.org/TR/xhtml11/DTD/xhtml11.dtd">
<html xmlns="http://www.w3.org/1999/xhtml"><head><title>TestNG Report</title><style type="text/css">table {margin-bottom:10px;border-collapse:collapse;empty-cells:show}th,td {border:1px solid #009;padding:.25em .5em}th {vertical-align:bottom}td {vertical-align:top}table a {font-weight:bold}.stripe td {background-color: #E6EBF9}.num {text-align:right}.passedodd td {background-color: #3F3}.passedeven td {background-color: #0A0}.skippedodd td {background-color: #DDD}.skippedeven td {background-color: #CCC}.failedodd td,.attn {background-color: #F33}.failedeven td,.stripe .attn {background-color: #D00}.stacktrace {white-space:pre;font-family:monospace}.totop {font-size:85%;text-align:center;border-bottom:2px solid #000}</style></head><body><table><tr><th>Test</th><th># Passed</th><th># Skipped</th><th># Failed</th><th>Time (ms)</th><th>Included Groups</th><th>Excluded Groups</th></tr><tr><th colspan="7">Command line suite</th></tr><tr><td><a href="#t0">Command line test</a></td><td class="num">18</td><td class="num">0</td><td class="num">0</td><td class="num">59,246</td><td></td><td></td></tr></table><table id='summary'><thead><tr><th>Class</th><th>Method</th><th>Start</th><th>Time (ms)</th></tr></thead><tbody><tr><th colspan="4">Command line suite</th></tr></tbody><tbody id="t0"><tr><th colspan="4">Command line test &#8212; passed</th></tr><tr class="passedeven"><td rowspan="18">SampleTests</td><td><a href="#m0">question2Test</a></td><td rowspan="1">1490032717947</td><td rowspan="1">82</td></tr><tr class="passedeven"><td><a href="#m1">test1</a></td><td rowspan="1">1490032718030</td><td rowspan="1">2</td></tr><tr class="passedeven"><td><a href="#m2">test10a</a></td><td rowspan="1">1490032718033</td><td rowspan="1">4421</td></tr><tr class="passedeven"><td><a href="#m3">test10b</a></td><td rowspan="1">1490032722455</td><td rowspan="1">8827</td></tr><tr class="passedeven"><td><a href="#m4">test10c</a></td><td rowspan="1">1490032731283</td><td rowspan="1">45742</td></tr><tr class="passedeven"><td><a href="#m5">test11a</a></td><td rowspan="1">1490032777026</td><td rowspan="1">49</td></tr><tr class="passedeven"><td><a href="#m6">test11b</a></td><td rowspan="1">1490032777076</td><td rowspan="1">4</td></tr><tr class="passedeven"><td><a href="#m7">test11c</a></td><td rowspan="1">1490032777081</td><td rowspan="1">10</td></tr><tr class="passedeven"><td><a href="#m8">test2</a></td><td rowspan="1">1490032777092</td><td rowspan="1">0</td></tr><tr class="passedeven"><td><a href="#m9">test3</a></td><td rowspan="1">1490032777092</td><td rowspan="1">1</td></tr><tr class="passedeven"><td><a href="#m10">test4</a></td><td rowspan="1">1490032777093</td><td rowspan="1">0</td></tr><tr class="passedeven"><td><a href="#m11">test5</a></td><td rowspan="1">1490032777094</td><td rowspan="1">0</td></tr><tr class="passedeven"><td><a href="#m12">test6</a></td><td rowspan="1">1490032777095</td><td rowspan="1">0</td></tr><tr class="passedeven"><td><a href="#m13">test7</a></td><td rowspan="1">1490032777095</td><td rowspan="1">50</td></tr><tr class="passedeven"><td><a href="#m14">test8</a></td><td rowspan="1">1490032777145</td><td rowspan="1">1</td></tr><tr class="passedeven"><td><a href="#m15">test9</a></td><td rowspan="1">1490032777146</td><td rowspan="1">1</td></tr><tr class="passedeven"><td><a href="#m16">testConcurrent1</a></td><td rowspan="1">1490032777148</td><td rowspan="1">24</td></tr><tr class="passedeven"><td><a href="#m17">testConcurrent2</a></td><td rowspan="1">1490032777173</td><td rowspan="1">1</td></tr></tbody></table><h2>Command line test</h2><h3 id="m0">SampleTests#question2Test</h3><table class="result"></table><p class="totop"><a href="#summary">back to summary</a></p><h3 id="m1">SampleTests#test1</h3><table class="result"></table><p class="totop"><a href="#summary">back to summary</a></p><h3 id="m2">SampleTests#test10a</h3><table class="result"></table><p class="totop"><a href="#summary">back to summary</a></p><h3 id="m3">SampleTests#test10b</h3><table class="result"></table><p class="totop"><a href="#summary">back to summary</a></p><h3 id="m4">SampleTests#test10c</h3><table class="result"></table><p class="totop"><a href="#summary">back to summary</a></p><h3 id="m5">SampleTests#test11a</h3><table class="result"></table><p class="totop"><a href="#summary">back to summary</a></p><h3 id="m6">SampleTests#test11b</h3><table class="result"></table><p class="totop"><a href="#summary">back to summary</a></p><h3 id="m7">SampleTests#test11c</h3><table class="result"></table><p class="totop"><a href="#summary">back to summary</a></p><h3 id="m8">SampleTests#test2</h3><table class="result"></table><p class="totop"><a href="#summary">back to summary</a></p><h3 id="m9">SampleTests#test3</h3><table class="result"></table><p class="totop"><a href="#summary">back to summary</a></p><h3 id="m10">SampleTests#test4</h3><table class="result"></table><p class="totop"><a href="#summary">back to summary</a></p><h3 id="m11">SampleTests#test5</h3><table class="result"><tr><th>Expected Exception</th></tr><tr><td><div class="stacktrace">java.lang.IllegalArgumentException: scheduledTime must be positive
	at cs735_835.noc.Message.&lt;init&gt;(Message.java:45)
	at SampleTests.test5(SampleTests.java:129)
	at sun.reflect.NativeMethodAccessorImpl.invoke0(Native Method)
	at sun.reflect.NativeMethodAccessorImpl.invoke(NativeMethodAccessorImpl.java:62)
	at sun.reflect.DelegatingMethodAccessorImpl.invoke(DelegatingMethodAccessorImpl.java:43)
	at java.lang.reflect.Method.invoke(Method.java:498)
	at org.testng.internal.MethodInvocationHelper.invokeMethod(MethodInvocationHelper.java:108)
	at org.testng.internal.Invoker.invokeMethod(Invoker.java:661)
	at org.testng.internal.Invoker.invokeTestMethod(Invoker.java:869)
	at org.testng.internal.Invoker.invokeTestMethods(Invoker.java:1193)
	at org.testng.internal.TestMethodWorker.invokeTestMethods(TestMethodWorker.java:126)
	at org.testng.internal.TestMethodWorker.run(TestMethodWorker.java:109)
	at org.testng.TestRunner.privateRun(TestRunner.java:744)
	at org.testng.TestRunner.run(TestRunner.java:602)
	at org.testng.SuiteRunner.runTest(SuiteRunner.java:380)
	at org.testng.SuiteRunner.runSequentially(SuiteRunner.java:375)
	at org.testng.SuiteRunner.privateRun(SuiteRunner.java:340)
	at org.testng.SuiteRunner.run(SuiteRunner.java:289)
	at org.testng.SuiteRunnerWorker.runSuite(SuiteRunnerWorker.java:52)
	at org.testng.SuiteRunnerWorker.run(SuiteRunnerWorker.java:86)
	at org.testng.TestNG.runSuitesSequentially(TestNG.java:1301)
	at org.testng.TestNG.runSuitesLocally(TestNG.java:1226)
	at org.testng.TestNG.runSuites(TestNG.java:1144)
	at org.testng.TestNG.run(TestNG.java:1115)
	at SampleTests.main(SampleTests.java:32)
	at sun.reflect.NativeMethodAccessorImpl.invoke0(Native Method)
	at sun.reflect.NativeMethodAccessorImpl.invoke(NativeMethodAccessorImpl.java:62)
	at sun.reflect.DelegatingMethodAccessorImpl.invoke(DelegatingMethodAccessorImpl.java:43)
	at java.lang.reflect.Method.invoke(Method.java:498)
	at com.intellij.rt.execution.application.AppMain.main(AppMain.java:147)
</div></td></tr></table><p class="totop"><a href="#summary">back to summary</a></p><h3 id="m12">SampleTests#test6</h3><table class="result"><tr><th>Expected Exception</th></tr><tr><td><div class="stacktrace">java.lang.IllegalStateException: Message 1 has not been sent yet
	at cs735_835.noc.Message.receive(Message.java:129)
	at SampleTests.test6(SampleTests.java:136)
	at sun.reflect.NativeMethodAccessorImpl.invoke0(Native Method)
	at sun.reflect.NativeMethodAccessorImpl.invoke(NativeMethodAccessorImpl.java:62)
	at sun.reflect.DelegatingMethodAccessorImpl.invoke(DelegatingMethodAccessorImpl.java:43)
	at java.lang.reflect.Method.invoke(Method.java:498)
	at org.testng.internal.MethodInvocationHelper.invokeMethod(MethodInvocationHelper.java:108)
	at org.testng.internal.Invoker.invokeMethod(Invoker.java:661)
	at org.testng.internal.Invoker.invokeTestMethod(Invoker.java:869)
	at org.testng.internal.Invoker.invokeTestMethods(Invoker.java:1193)
	at org.testng.internal.TestMethodWorker.invokeTestMethods(TestMethodWorker.java:126)
	at org.testng.internal.TestMethodWorker.run(TestMethodWorker.java:109)
	at org.testng.TestRunner.privateRun(TestRunner.java:744)
	at org.testng.TestRunner.run(TestRunner.java:602)
	at org.testng.SuiteRunner.runTest(SuiteRunner.java:380)
	at org.testng.SuiteRunner.runSequentially(SuiteRunner.java:375)
	at org.testng.SuiteRunner.privateRun(SuiteRunner.java:340)
	at org.testng.SuiteRunner.run(SuiteRunner.java:289)
	at org.testng.SuiteRunnerWorker.runSuite(SuiteRunnerWorker.java:52)
	at org.testng.SuiteRunnerWorker.run(SuiteRunnerWorker.java:86)
	at org.testng.TestNG.runSuitesSequentially(TestNG.java:1301)
	at org.testng.TestNG.runSuitesLocally(TestNG.java:1226)
	at org.testng.TestNG.runSuites(TestNG.java:1144)
	at org.testng.TestNG.run(TestNG.java:1115)
	at SampleTests.main(SampleTests.java:32)
	at sun.reflect.NativeMethodAccessorImpl.invoke0(Native Method)
	at sun.reflect.NativeMethodAccessorImpl.invoke(NativeMethodAccessorImpl.java:62)
	at sun.reflect.DelegatingMethodAccessorImpl.invoke(DelegatingMethodAccessorImpl.java:43)
	at java.lang.reflect.Method.invoke(Method.java:498)
	at com.intellij.rt.execution.application.AppMain.main(AppMain.java:147)
</div></td></tr></table><p class="totop"><a href="#summary">back to summary</a></p><h3 id="m13">SampleTests#test7</h3><table class="result"></table><p class="totop"><a href="#summary">back to summary</a></p><h3 id="m14">SampleTests#test8</h3><table class="result"></table><p class="totop"><a href="#summary">back to summary</a></p><h3 id="m15">SampleTests#test9</h3><table class="result"></table><p class="totop"><a href="#summary">back to summary</a></p><h3 id="m16">SampleTests#testConcurrent1</h3><table class="result"></table><p class="totop"><a href="#summary">back to summary</a></p><h3 id="m17">SampleTests#testConcurrent2</h3><table class="result"></table><p class="totop"><a href="#summary">back to summary</a></p></body></html>