<?xml version="1.0" encoding="UTF-8"?>
<testng-results skipped="0" failed="0" ignored="0" total="18" passed="18">
  <reporter-output>
  </reporter-output>
  <suite name="Command line suite" duration-ms="59246" started-at="2017-03-20T17:58:37Z" finished-at="2017-03-20T17:59:37Z">
    <groups>
    </groups>
    <test name="Command line test" duration-ms="59246" started-at="2017-03-20T17:58:37Z" finished-at="2017-03-20T17:59:37Z">
      <class name="SampleTests">
        <test-method status="PASS" signature="question2Test()[pri:0, instance:SampleTests@12bb4df8]" name="question2Test" duration-ms="82" started-at="2017-03-20T13:58:37Z" finished-at="2017-03-20T13:58:38Z">
          <reporter-output>
          </reporter-output>
        </test-method> <!-- question2Test -->
        <test-method status="PASS" signature="shutdown()[pri:0, instance:SampleTests@12bb4df8]" name="shutdown" is-config="true" duration-ms="1" started-at="2017-03-20T13:58:38Z" finished-at="2017-03-20T13:58:38Z">
          <reporter-output>
          </reporter-output>
        </test-method> <!-- shutdown -->
        <test-method status="PASS" signature="test1()[pri:0, instance:SampleTests@12bb4df8]" name="test1" duration-ms="2" started-at="2017-03-20T13:58:38Z" description="message properly initialized" finished-at="2017-03-20T13:58:38Z">
          <reporter-output>
          </reporter-output>
        </test-method> <!-- test1 -->
        <test-method status="PASS" signature="test10a()[pri:0, instance:SampleTests@12bb4df8]" name="test10a" duration-ms="4421" started-at="2017-03-20T13:58:38Z" description="various network sizes with 1 random message" finished-at="2017-03-20T13:58:42Z">
          <reporter-output>
          </reporter-output>
        </test-method> <!-- test10a -->
        <test-method status="PASS" signature="shutdown()[pri:0, instance:SampleTests@12bb4df8]" name="shutdown" is-config="true" duration-ms="0" started-at="2017-03-20T13:58:38Z" finished-at="2017-03-20T13:58:38Z">
          <reporter-output>
          </reporter-output>
        </test-method> <!-- shutdown -->
        <test-method status="PASS" signature="shutdown()[pri:0, instance:SampleTests@12bb4df8]" name="shutdown" is-config="true" duration-ms="1" started-at="2017-03-20T13:58:42Z" finished-at="2017-03-20T13:58:42Z">
          <reporter-output>
          </reporter-output>
        </test-method> <!-- shutdown -->
        <test-method status="PASS" signature="test10b()[pri:0, instance:SampleTests@12bb4df8]" name="test10b" duration-ms="8827" started-at="2017-03-20T13:58:42Z" description="various network sizes with 1 random message" finished-at="2017-03-20T13:58:51Z">
          <reporter-output>
          </reporter-output>
        </test-method> <!-- test10b -->
        <test-method status="PASS" signature="shutdown()[pri:0, instance:SampleTests@12bb4df8]" name="shutdown" is-config="true" duration-ms="0" started-at="2017-03-20T13:58:51Z" finished-at="2017-03-20T13:58:51Z">
          <reporter-output>
          </reporter-output>
        </test-method> <!-- shutdown -->
        <test-method status="PASS" signature="test10c()[pri:0, instance:SampleTests@12bb4df8]" name="test10c" duration-ms="45742" started-at="2017-03-20T13:58:51Z" description="various network sizes with 1 random message" finished-at="2017-03-20T13:59:37Z">
          <reporter-output>
          </reporter-output>
        </test-method> <!-- test10c -->
        <test-method status="PASS" signature="shutdown()[pri:0, instance:SampleTests@12bb4df8]" name="shutdown" is-config="true" duration-ms="1" started-at="2017-03-20T13:59:37Z" finished-at="2017-03-20T13:59:37Z">
          <reporter-output>
          </reporter-output>
        </test-method> <!-- shutdown -->
        <test-method status="PASS" signature="test11a()[pri:0, instance:SampleTests@12bb4df8]" name="test11a" duration-ms="49" started-at="2017-03-20T13:59:37Z" description="complete simulation" finished-at="2017-03-20T13:59:37Z">
          <reporter-output>
          </reporter-output>
        </test-method> <!-- test11a -->
        <test-method status="PASS" signature="shutdown()[pri:0, instance:SampleTests@12bb4df8]" name="shutdown" is-config="true" duration-ms="0" started-at="2017-03-20T13:59:37Z" finished-at="2017-03-20T13:59:37Z">
          <reporter-output>
          </reporter-output>
        </test-method> <!-- shutdown -->
        <test-method status="PASS" signature="test11b()[pri:0, instance:SampleTests@12bb4df8]" name="test11b" duration-ms="4" started-at="2017-03-20T13:59:37Z" description="complete simulation" finished-at="2017-03-20T13:59:37Z">
          <reporter-output>
          </reporter-output>
        </test-method> <!-- test11b -->
        <test-method status="PASS" signature="shutdown()[pri:0, instance:SampleTests@12bb4df8]" name="shutdown" is-config="true" duration-ms="1" started-at="2017-03-20T13:59:37Z" finished-at="2017-03-20T13:59:37Z">
          <reporter-output>
          </reporter-output>
        </test-method> <!-- shutdown -->
        <test-method status="PASS" signature="test11c()[pri:0, instance:SampleTests@12bb4df8]" name="test11c" duration-ms="10" started-at="2017-03-20T13:59:37Z" description="complete simulation" finished-at="2017-03-20T13:59:37Z">
          <reporter-output>
          </reporter-output>
        </test-method> <!-- test11c -->
        <test-method status="PASS" signature="shutdown()[pri:0, instance:SampleTests@12bb4df8]" name="shutdown" is-config="true" duration-ms="0" started-at="2017-03-20T13:59:37Z" finished-at="2017-03-20T13:59:37Z">
          <reporter-output>
          </reporter-output>
        </test-method> <!-- shutdown -->
        <test-method status="PASS" signature="shutdown()[pri:0, instance:SampleTests@12bb4df8]" name="shutdown" is-config="true" duration-ms="0" started-at="2017-03-20T13:59:37Z" finished-at="2017-03-20T13:59:37Z">
          <reporter-output>
          </reporter-output>
        </test-method> <!-- shutdown -->
        <test-method status="PASS" signature="test2()[pri:0, instance:SampleTests@12bb4df8]" name="test2" duration-ms="0" started-at="2017-03-20T13:59:37Z" description="tracking set and get" finished-at="2017-03-20T13:59:37Z">
          <reporter-output>
          </reporter-output>
        </test-method> <!-- test2 -->
        <test-method status="PASS" signature="test3()[pri:0, instance:SampleTests@12bb4df8]" name="test3" duration-ms="1" started-at="2017-03-20T13:59:37Z" description="send and receive, single thread" finished-at="2017-03-20T13:59:37Z">
          <reporter-output>
          </reporter-output>
        </test-method> <!-- test3 -->
        <test-method status="PASS" signature="shutdown()[pri:0, instance:SampleTests@12bb4df8]" name="shutdown" is-config="true" duration-ms="1" started-at="2017-03-20T13:59:37Z" finished-at="2017-03-20T13:59:37Z">
          <reporter-output>
          </reporter-output>
        </test-method> <!-- shutdown -->
        <test-method status="PASS" signature="test4()[pri:0, instance:SampleTests@12bb4df8]" name="test4" duration-ms="0" started-at="2017-03-20T13:59:37Z" description="toString" finished-at="2017-03-20T13:59:37Z">
          <reporter-output>
          </reporter-output>
        </test-method> <!-- test4 -->
        <test-method status="PASS" signature="shutdown()[pri:0, instance:SampleTests@12bb4df8]" name="shutdown" is-config="true" duration-ms="0" started-at="2017-03-20T13:59:37Z" finished-at="2017-03-20T13:59:37Z">
          <reporter-output>
          </reporter-output>
        </test-method> <!-- shutdown -->
        <test-method status="PASS" signature="shutdown()[pri:0, instance:SampleTests@12bb4df8]" name="shutdown" is-config="true" duration-ms="0" started-at="2017-03-20T13:59:37Z" finished-at="2017-03-20T13:59:37Z">
          <reporter-output>
          </reporter-output>
        </test-method> <!-- shutdown -->
        <test-method status="PASS" signature="test5()[pri:0, instance:SampleTests@12bb4df8]" name="test5" duration-ms="0" started-at="2017-03-20T13:59:37Z" description="exception (constructor)" finished-at="2017-03-20T13:59:37Z">
          <exception class="java.lang.IllegalArgumentException">
            <message>
              <![CDATA[scheduledTime must be positive]]>
            </message>
            <full-stacktrace>
              <![CDATA[java.lang.IllegalArgumentException: scheduledTime must be positive
	at cs735_835.noc.Message.<init>(Message.java:45)
	at SampleTests.test5(SampleTests.java:129)
	at sun.reflect.NativeMethodAccessorImpl.invoke0(Native Method)
	at sun.reflect.NativeMethodAccessorImpl.invoke(NativeMethodAccessorImpl.java:62)
	at sun.reflect.DelegatingMethodAccessorImpl.invoke(DelegatingMethodAccessorImpl.java:43)
	at java.lang.reflect.Method.invoke(Method.java:498)
	at org.testng.internal.MethodInvocationHelper.invokeMethod(MethodInvocationHelper.java:108)
	at org.testng.internal.Invoker.invokeMethod(Invoker.java:661)
	at org.testng.internal.Invoker.invokeTestMethod(Invoker.java:869)
	at org.testng.internal.Invoker.invokeTestMethods(Invoker.java:1193)
	at org.testng.internal.TestMethodWorker.invokeTestMethods(TestMethodWorker.java:126)
	at org.testng.internal.TestMethodWorker.run(TestMethodWorker.java:109)
	at org.testng.TestRunner.privateRun(TestRunner.java:744)
	at org.testng.TestRunner.run(TestRunner.java:602)
	at org.testng.SuiteRunner.runTest(SuiteRunner.java:380)
	at org.testng.SuiteRunner.runSequentially(SuiteRunner.java:375)
	at org.testng.SuiteRunner.privateRun(SuiteRunner.java:340)
	at org.testng.SuiteRunner.run(SuiteRunner.java:289)
	at org.testng.SuiteRunnerWorker.runSuite(SuiteRunnerWorker.java:52)
	at org.testng.SuiteRunnerWorker.run(SuiteRunnerWorker.java:86)
	at org.testng.TestNG.runSuitesSequentially(TestNG.java:1301)
	at org.testng.TestNG.runSuitesLocally(TestNG.java:1226)
	at org.testng.TestNG.runSuites(TestNG.java:1144)
	at org.testng.TestNG.run(TestNG.java:1115)
	at SampleTests.main(SampleTests.java:32)
	at sun.reflect.NativeMethodAccessorImpl.invoke0(Native Method)
	at sun.reflect.NativeMethodAccessorImpl.invoke(NativeMethodAccessorImpl.java:62)
	at sun.reflect.DelegatingMethodAccessorImpl.invoke(DelegatingMethodAccessorImpl.java:43)
	at java.lang.reflect.Method.invoke(Method.java:498)
	at com.intellij.rt.execution.application.AppMain.main(AppMain.java:147)
]]>
            </full-stacktrace>
          </exception> <!-- java.lang.IllegalArgumentException -->
          <reporter-output>
          </reporter-output>
        </test-method> <!-- test5 -->
        <test-method status="PASS" signature="shutdown()[pri:0, instance:SampleTests@12bb4df8]" name="shutdown" is-config="true" duration-ms="0" started-at="2017-03-20T13:59:37Z" finished-at="2017-03-20T13:59:37Z">
          <reporter-output>
          </reporter-output>
        </test-method> <!-- shutdown -->
        <test-method status="PASS" signature="test7()[pri:0, instance:SampleTests@12bb4df8]" name="test7" duration-ms="50" started-at="2017-03-20T13:59:37Z" description="thread-safety of send" finished-at="2017-03-20T13:59:37Z">
          <reporter-output>
          </reporter-output>
        </test-method> <!-- test7 -->
        <test-method status="PASS" signature="test6()[pri:0, instance:SampleTests@12bb4df8]" name="test6" duration-ms="0" started-at="2017-03-20T13:59:37Z" description="exception (receive without send)" finished-at="2017-03-20T13:59:37Z">
          <exception class="java.lang.IllegalStateException">
            <message>
              <![CDATA[Message 1 has not been sent yet]]>
            </message>
            <full-stacktrace>
              <![CDATA[java.lang.IllegalStateException: Message 1 has not been sent yet
	at cs735_835.noc.Message.receive(Message.java:129)
	at SampleTests.test6(SampleTests.java:136)
	at sun.reflect.NativeMethodAccessorImpl.invoke0(Native Method)
	at sun.reflect.NativeMethodAccessorImpl.invoke(NativeMethodAccessorImpl.java:62)
	at sun.reflect.DelegatingMethodAccessorImpl.invoke(DelegatingMethodAccessorImpl.java:43)
	at java.lang.reflect.Method.invoke(Method.java:498)
	at org.testng.internal.MethodInvocationHelper.invokeMethod(MethodInvocationHelper.java:108)
	at org.testng.internal.Invoker.invokeMethod(Invoker.java:661)
	at org.testng.internal.Invoker.invokeTestMethod(Invoker.java:869)
	at org.testng.internal.Invoker.invokeTestMethods(Invoker.java:1193)
	at org.testng.internal.TestMethodWorker.invokeTestMethods(TestMethodWorker.java:126)
	at org.testng.internal.TestMethodWorker.run(TestMethodWorker.java:109)
	at org.testng.TestRunner.privateRun(TestRunner.java:744)
	at org.testng.TestRunner.run(TestRunner.java:602)
	at org.testng.SuiteRunner.runTest(SuiteRunner.java:380)
	at org.testng.SuiteRunner.runSequentially(SuiteRunner.java:375)
	at org.testng.SuiteRunner.privateRun(SuiteRunner.java:340)
	at org.testng.SuiteRunner.run(SuiteRunner.java:289)
	at org.testng.SuiteRunnerWorker.runSuite(SuiteRunnerWorker.java:52)
	at org.testng.SuiteRunnerWorker.run(SuiteRunnerWorker.java:86)
	at org.testng.TestNG.runSuitesSequentially(TestNG.java:1301)
	at org.testng.TestNG.runSuitesLocally(TestNG.java:1226)
	at org.testng.TestNG.runSuites(TestNG.java:1144)
	at org.testng.TestNG.run(TestNG.java:1115)
	at SampleTests.main(SampleTests.java:32)
	at sun.reflect.NativeMethodAccessorImpl.invoke0(Native Method)
	at sun.reflect.NativeMethodAccessorImpl.invoke(NativeMethodAccessorImpl.java:62)
	at sun.reflect.DelegatingMethodAccessorImpl.invoke(DelegatingMethodAccessorImpl.java:43)
	at java.lang.reflect.Method.invoke(Method.java:498)
	at com.intellij.rt.execution.application.AppMain.main(AppMain.java:147)
]]>
            </full-stacktrace>
          </exception> <!-- java.lang.IllegalStateException -->
          <reporter-output>
          </reporter-output>
        </test-method> <!-- test6 -->
        <test-method status="PASS" signature="shutdown()[pri:0, instance:SampleTests@12bb4df8]" name="shutdown" is-config="true" duration-ms="0" started-at="2017-03-20T13:59:37Z" finished-at="2017-03-20T13:59:37Z">
          <reporter-output>
          </reporter-output>
        </test-method> <!-- shutdown -->
        <test-method status="PASS" signature="test8()[pri:0, instance:SampleTests@12bb4df8]" name="test8" duration-ms="1" started-at="2017-03-20T13:59:37Z" description="simple core processing" finished-at="2017-03-20T13:59:37Z">
          <reporter-output>
          </reporter-output>
        </test-method> <!-- test8 -->
        <test-method status="PASS" signature="test9()[pri:0, instance:SampleTests@12bb4df8]" name="test9" duration-ms="1" started-at="2017-03-20T13:59:37Z" description="transfer between neighboring cores" finished-at="2017-03-20T13:59:37Z">
          <reporter-output>
          </reporter-output>
        </test-method> <!-- test9 -->
        <test-method status="PASS" signature="shutdown()[pri:0, instance:SampleTests@12bb4df8]" name="shutdown" is-config="true" duration-ms="0" started-at="2017-03-20T13:59:37Z" finished-at="2017-03-20T13:59:37Z">
          <reporter-output>
          </reporter-output>
        </test-method> <!-- shutdown -->
        <test-method status="PASS" signature="shutdown()[pri:0, instance:SampleTests@12bb4df8]" name="shutdown" is-config="true" duration-ms="1" started-at="2017-03-20T13:59:37Z" finished-at="2017-03-20T13:59:37Z">
          <reporter-output>
          </reporter-output>
        </test-method> <!-- shutdown -->
        <test-method status="PASS" signature="testConcurrent1()[pri:0, instance:SampleTests@12bb4df8]" name="testConcurrent1" duration-ms="24" started-at="2017-03-20T13:59:37Z" finished-at="2017-03-20T13:59:37Z">
          <reporter-output>
          </reporter-output>
        </test-method> <!-- testConcurrent1 -->
        <test-method status="PASS" signature="shutdown()[pri:0, instance:SampleTests@12bb4df8]" name="shutdown" is-config="true" duration-ms="0" started-at="2017-03-20T13:59:37Z" finished-at="2017-03-20T13:59:37Z">
          <reporter-output>
          </reporter-output>
        </test-method> <!-- shutdown -->
        <test-method status="PASS" signature="testConcurrent2()[pri:0, instance:SampleTests@12bb4df8]" name="testConcurrent2" duration-ms="1" started-at="2017-03-20T13:59:37Z" finished-at="2017-03-20T13:59:37Z">
          <reporter-output>
          </reporter-output>
        </test-method> <!-- testConcurrent2 -->
        <test-method status="PASS" signature="shutdown()[pri:0, instance:SampleTests@12bb4df8]" name="shutdown" is-config="true" duration-ms="0" started-at="2017-03-20T13:59:37Z" finished-at="2017-03-20T13:59:37Z">
          <reporter-output>
          </reporter-output>
        </test-method> <!-- shutdown -->
      </class> <!-- SampleTests -->
    </test> <!-- Command line test -->
  </suite> <!-- Command line suite -->
</testng-results>
